# JRE version: OpenJDK Runtime Environment Temurin-21.0.11+10 (21.0.11+10) (build 21.0.11+10-LTS)
# Java VM: OpenJDK 64-Bit Server VM Temurin-21.0.11+10 (21.0.11+10-LTS, mixed mode, sharing, tiered, compressed oops, compressed class ptrs, parallel gc, windows-amd64)
GC Precious Log:
 CardTable entry size: 512
 CPUs: 8 total, 8 available
 Memory: 16157M
 Large Page Support: Disabled
 NUMA Support: Disabled
 Compressed Oops: Enabled (32-bit)
 Alignments: Space 512K, Generation 512K, Heap 2M
 Heap Min Capacity: 100M
 Heap Initial Capacity: 100M
 Heap Max Capacity: 2G
 Pre-touch: Disabled
 Parallel Workers: 8
Heap:
 PSYoungGen      total 10752K, used 5093K [0x00000000d5580000, 0x00000000d6500000, 0x0000000100000000)
  eden space 9728K, 41% used [0x00000000d5580000,0x00000000d597ab40,0x00000000d5f00000)
  from space 1024K, 99% used [0x00000000d6180000,0x00000000d627e990,0x00000000d6280000)
  to   space 2560K, 0% used [0x00000000d5f00000,0x00000000d5f00000,0x00000000d6180000)
 ParOldGen       total 109568K, used 109213K [0x0000000080000000, 0x0000000086b00000, 0x00000000d5580000)
  object space 109568K, 99% used [0x0000000080000000,0x0000000086aa7410,0x0000000086b00000)
 Metaspace       used 73878K, committed 75392K, reserved 1179648K
  class space    used 7722K, committed 8384K, reserved 1048576K
GC Heap History (20 events):
Event: 107.951 GC heap before
{Heap before GC invocations=168 (full 3):
 PSYoungGen      total 12800K, used 12692K [0x00000000d5580000, 0x00000000d6300000, 0x0000000100000000)
  eden space 12288K, 100% used [0x00000000d5580000,0x00000000d6180000,0x00000000d6180000)
  from space 512K, 79% used [0x00000000d6280000,0x00000000d62e5200,0x00000000d6300000)
  to   space 512K, 0% used [0x00000000d6200000,0x00000000d6200000,0x00000000d6280000)
 ParOldGen       total 102912K, used 102716K [0x0000000080000000, 0x0000000086480000, 0x00000000d5580000)
  object space 102912K, 99% used [0x0000000080000000,0x000000008644f330,0x0000000086480000)
 Metaspace       used 69793K, committed 71360K, reserved 1114112K
  class space    used 7417K, committed 8064K, reserved 1048576K
}
Event: 107.953 GC heap after
{Heap after GC invocations=168 (full 3):
 PSYoungGen      total 12800K, used 256K [0x00000000d5580000, 0x00000000d6300000, 0x0000000100000000)
  eden space 12288K, 0% used [0x00000000d5580000,0x00000000d5580000,0x00000000d6180000)
  from space 512K, 50% used [0x00000000d6200000,0x00000000d6240000,0x00000000d6280000)
  to   space 512K, 0% used [0x00000000d6280000,0x00000000d6280000,0x00000000d6300000)
 ParOldGen       total 103424K, used 102937K [0x0000000080000000, 0x0000000086500000, 0x00000000d5580000)
  object space 103424K, 99% used [0x0000000080000000,0x0000000086486530,0x0000000086500000)
 Metaspace       used 69793K, committed 71360K, reserved 1114112K
  class space    used 7417K, committed 8064K, reserved 1048576K
}
Event: 108.061 GC heap before
{Heap before GC invocations=169 (full 3):
 PSYoungGen      total 12800K, used 12544K [0x00000000d5580000, 0x00000000d6300000, 0x0000000100000000)
  eden space 12288K, 100% used [0x00000000d5580000,0x00000000d6180000,0x00000000d6180000)
  from space 512K, 50% used [0x00000000d6200000,0x00000000d6240000,0x00000000d6280000)
  to   space 512K, 0% used [0x00000000d6280000,0x00000000d6280000,0x00000000d6300000)
 ParOldGen       total 103424K, used 102937K [0x0000000080000000, 0x0000000086500000, 0x00000000d5580000)
  object space 103424K, 99% used [0x0000000080000000,0x0000000086486530,0x0000000086500000)
 Metaspace       used 69845K, committed 71360K, reserved 1114112K
  class space    used 7425K, committed 8064K, reserved 1048576K
}
Event: 108.064 GC heap after
{Heap after GC invocations=169 (full 3):
 PSYoungGen      total 12800K, used 510K [0x00000000d5580000, 0x00000000d6380000, 0x0000000100000000)
  eden space 12288K, 0% used [0x00000000d5580000,0x00000000d5580000,0x00000000d6180000)
  from space 512K, 99% used [0x00000000d6280000,0x00000000d62ffb10,0x00000000d6300000)
  to   space 1024K, 0% used [0x00000000d6180000,0x00000000d6180000,0x00000000d6280000)
 ParOldGen       total 103424K, used 103129K [0x0000000080000000, 0x0000000086500000, 0x00000000d5580000)
  object space 103424K, 99% used [0x0000000080000000,0x00000000864b6530,0x0000000086500000)
 Metaspace       used 69845K, committed 71360K, reserved 1114112K
  class space    used 7425K, committed 8064K, reserved 1048576K
}
Event: 108.340 GC heap before
{Heap before GC invocations=170 (full 3):
 PSYoungGen      total 12800K, used 12798K [0x00000000d5580000, 0x00000000d6380000, 0x0000000100000000)
  eden space 12288K, 100% used [0x00000000d5580000,0x00000000d6180000,0x00000000d6180000)
  from space 512K, 99% used [0x00000000d6280000,0x00000000d62ffb10,0x00000000d6300000)
  to   space 1024K, 0% used [0x00000000d6180000,0x00000000d6180000,0x00000000d6280000)
 ParOldGen       total 103424K, used 103129K [0x0000000080000000, 0x0000000086500000, 0x00000000d5580000)
  object space 103424K, 99% used [0x0000000080000000,0x00000000864b6530,0x0000000086500000)
 Metaspace       used 70194K, committed 71744K, reserved 1114112K
  class space    used 7455K, committed 8064K, reserved 1048576K
}
Event: 108.345 GC heap after
{Heap after GC invocations=170 (full 3):
 PSYoungGen      total 13312K, used 1024K [0x00000000d5580000, 0x00000000d6680000, 0x0000000100000000)
  eden space 12288K, 0% used [0x00000000d5580000,0x00000000d5580000,0x00000000d6180000)
  from space 1024K, 100% used [0x00000000d6180000,0x00000000d6280000,0x00000000d6280000)
  to   space 2560K, 0% used [0x00000000d6400000,0x00000000d6400000,0x00000000d6680000)
 ParOldGen       total 104448K, used 104341K [0x0000000080000000, 0x0000000086600000, 0x00000000d5580000)
  object space 104448K, 99% used [0x0000000080000000,0x00000000865e5668,0x0000000086600000)
 Metaspace       used 70194K, committed 71744K, reserved 1114112K
  class space    used 7455K, committed 8064K, reserved 1048576K
}
Event: 108.809 GC heap before
{Heap before GC invocations=171 (full 3):
 PSYoungGen      total 13312K, used 13298K [0x00000000d5580000, 0x00000000d6680000, 0x0000000100000000)
  eden space 12288K, 99% used [0x00000000d5580000,0x00000000d617cab8,0x00000000d6180000)
  from space 1024K, 100% used [0x00000000d6180000,0x00000000d6280000,0x00000000d6280000)
  to   space 2560K, 0% used [0x00000000d6400000,0x00000000d6400000,0x00000000d6680000)
 ParOldGen       total 104448K, used 104341K [0x0000000080000000, 0x0000000086600000, 0x00000000d5580000)
  object space 104448K, 99% used [0x0000000080000000,0x00000000865e5668,0x0000000086600000)
 Metaspace       used 70635K, committed 72192K, reserved 1114112K
  class space    used 7474K, committed 8128K, reserved 1048576K
}
Event: 108.816 GC heap after
{Heap after GC invocations=171 (full 3):
 PSYoungGen      total 13312K, used 2543K [0x00000000d5580000, 0x00000000d6980000, 0x0000000100000000)
  eden space 10752K, 0% used [0x00000000d5580000,0x00000000d5580000,0x00000000d6000000)
  from space 2560K, 99% used [0x00000000d6400000,0x00000000d667bf38,0x00000000d6680000)
  to   space 4096K, 0% used [0x00000000d6000000,0x00000000d6000000,0x00000000d6400000)
 ParOldGen       total 105472K, used 105421K [0x0000000080000000, 0x0000000086700000, 0x00000000d5580000)
  object space 105472K, 99% used [0x0000000080000000,0x00000000866f3778,0x0000000086700000)
 Metaspace       used 70635K, committed 72192K, reserved 1114112K
  class space    used 7474K, committed 8128K, reserved 1048576K
}
Event: 109.032 GC heap before
{Heap before GC invocations=172 (full 3):
 PSYoungGen      total 13312K, used 13295K [0x00000000d5580000, 0x00000000d6980000, 0x0000000100000000)
  eden space 10752K, 100% used [0x00000000d5580000,0x00000000d6000000,0x00000000d6000000)
  from space 2560K, 99% used [0x00000000d6400000,0x00000000d667bf38,0x00000000d6680000)
  to   space 4096K, 0% used [0x00000000d6000000,0x00000000d6000000,0x00000000d6400000)
 ParOldGen       total 105472K, used 105421K [0x0000000080000000, 0x0000000086700000, 0x00000000d5580000)
  object space 105472K, 99% used [0x0000000080000000,0x00000000866f3778,0x0000000086700000)
 Metaspace       used 70763K, committed 72320K, reserved 1114112K
  class space    used 7475K, committed 8128K, reserved 1048576K
}
Event: 109.036 GC heap after
{Heap after GC invocations=172 (full 3):
 PSYoungGen      total 12288K, used 1172K [0x00000000d5580000, 0x00000000d6500000, 0x0000000100000000)
  eden space 10752K, 0% used [0x00000000d5580000,0x00000000d5580000,0x00000000d6000000)
  from space 1536K, 76% used [0x00000000d6000000,0x00000000d61250b8,0x00000000d6180000)
  to   space 2560K, 0% used [0x00000000d6280000,0x00000000d6280000,0x00000000d6500000)
 ParOldGen       total 107520K, used 107192K [0x0000000080000000, 0x0000000086900000, 0x00000000d5580000)
  object space 107520K, 99% used [0x0000000080000000,0x00000000868ae228,0x0000000086900000)
 Metaspace       used 70763K, committed 72320K, reserved 1114112K
  class space    used 7475K, committed 8128K, reserved 1048576K
}
Event: 109.283 GC heap before
{Heap before GC invocations=173 (full 3):
 PSYoungGen      total 12288K, used 11907K [0x00000000d5580000, 0x00000000d6500000, 0x0000000100000000)
  eden space 10752K, 99% used [0x00000000d5580000,0x00000000d5ffbc38,0x00000000d6000000)
  from space 1536K, 76% used [0x00000000d6000000,0x00000000d61250b8,0x00000000d6180000)
  to   space 2560K, 0% used [0x00000000d6280000,0x00000000d6280000,0x00000000d6500000)
 ParOldGen       total 107520K, used 107192K [0x0000000080000000, 0x0000000086900000, 0x00000000d5580000)
  object space 107520K, 99% used [0x0000000080000000,0x00000000868ae228,0x0000000086900000)
 Metaspace       used 70779K, committed 72320K, reserved 1114112K
  class space    used 7475K, committed 8128K, reserved 1048576K
}
Event: 109.285 GC heap after
{Heap after GC invocations=173 (full 3):
 PSYoungGen      total 11264K, used 346K [0x00000000d5580000, 0x00000000d6300000, 0x0000000100000000)
  eden space 10752K, 0% used [0x00000000d5580000,0x00000000d5580000,0x00000000d6000000)
  from space 512K, 67% used [0x00000000d6280000,0x00000000d62d6930,0x00000000d6300000)
  to   space 1024K, 0% used [0x00000000d6100000,0x00000000d6100000,0x00000000d6200000)
 ParOldGen       total 108032K, used 107833K [0x0000000080000000, 0x0000000086980000, 0x00000000d5580000)
  object space 108032K, 99% used [0x0000000080000000,0x000000008694e678,0x0000000086980000)
 Metaspace       used 70779K, committed 72320K, reserved 1114112K
  class space    used 7475K, committed 8128K, reserved 1048576K
}
Event: 109.665 GC heap before
{Heap before GC invocations=174 (full 3):
 PSYoungGen      total 11264K, used 10998K [0x00000000d5580000, 0x00000000d6300000, 0x0000000100000000)
  eden space 10752K, 99% used [0x00000000d5580000,0x00000000d5fe7078,0x00000000d6000000)
  from space 512K, 67% used [0x00000000d6280000,0x00000000d62d6930,0x00000000d6300000)
  to   space 1024K, 0% used [0x00000000d6100000,0x00000000d6100000,0x00000000d6200000)
 ParOldGen       total 108032K, used 107833K [0x0000000080000000, 0x0000000086980000, 0x00000000d5580000)
  object space 108032K, 99% used [0x0000000080000000,0x000000008694e678,0x0000000086980000)
 Metaspace       used 70781K, committed 72320K, reserved 1114112K
  class space    used 7475K, committed 8128K, reserved 1048576K
}
Event: 109.666 GC heap after
{Heap after GC invocations=174 (full 3):
 PSYoungGen      total 11776K, used 950K [0x00000000d5580000, 0x00000000d6300000, 0x0000000100000000)
  eden space 10752K, 0% used [0x00000000d5580000,0x00000000d5580000,0x00000000d6000000)
  from space 1024K, 92% used [0x00000000d6100000,0x00000000d61eda28,0x00000000d6200000)
  to   space 1024K, 0% used [0x00000000d6200000,0x00000000d6200000,0x00000000d6300000)
 ParOldGen       total 108032K, used 107857K [0x0000000080000000, 0x0000000086980000, 0x00000000d5580000)
  object space 108032K, 99% used [0x0000000080000000,0x0000000086954678,0x0000000086980000)
 Metaspace       used 70781K, committed 72320K, reserved 1114112K
  class space    used 7475K, committed 8128K, reserved 1048576K
}
Event: 110.216 GC heap before
{Heap before GC invocations=175 (full 3):
 PSYoungGen      total 11776K, used 11702K [0x00000000d5580000, 0x00000000d6300000, 0x0000000100000000)
  eden space 10752K, 100% used [0x00000000d5580000,0x00000000d6000000,0x00000000d6000000)
  from space 1024K, 92% used [0x00000000d6100000,0x00000000d61eda28,0x00000000d6200000)
  to   space 1024K, 0% used [0x00000000d6200000,0x00000000d6200000,0x00000000d6300000)
 ParOldGen       total 108032K, used 107857K [0x0000000080000000, 0x0000000086980000, 0x00000000d5580000)
  object space 108032K, 99% used [0x0000000080000000,0x0000000086954678,0x0000000086980000)
 Metaspace       used 72023K, committed 73600K, reserved 1179648K
  class space    used 7577K, committed 8256K, reserved 1048576K
}
Event: 110.218 GC heap after
{Heap after GC invocations=175 (full 3):
 PSYoungGen      total 11264K, used 288K [0x00000000d5580000, 0x00000000d6280000, 0x0000000100000000)
  eden space 10752K, 0% used [0x00000000d5580000,0x00000000d5580000,0x00000000d6000000)
  from space 512K, 56% used [0x00000000d6200000,0x00000000d6248000,0x00000000d6280000)
  to   space 1024K, 0% used [0x00000000d6080000,0x00000000d6080000,0x00000000d6180000)
 ParOldGen       total 108032K, used 107865K [0x0000000080000000, 0x0000000086980000, 0x00000000d5580000)
  object space 108032K, 99% used [0x0000000080000000,0x0000000086956678,0x0000000086980000)
 Metaspace       used 72023K, committed 73600K, reserved 1179648K
  class space    used 7577K, committed 8256K, reserved 1048576K
}
Event: 110.723 GC heap before
{Heap before GC invocations=176 (full 3):
 PSYoungGen      total 11264K, used 10792K [0x00000000d5580000, 0x00000000d6280000, 0x0000000100000000)
  eden space 10752K, 97% used [0x00000000d5580000,0x00000000d5fc23e8,0x00000000d6000000)
  from space 512K, 56% used [0x00000000d6200000,0x00000000d6248000,0x00000000d6280000)
  to   space 1024K, 0% used [0x00000000d6080000,0x00000000d6080000,0x00000000d6180000)
 ParOldGen       total 108032K, used 107865K [0x0000000080000000, 0x0000000086980000, 0x00000000d5580000)
  object space 108032K, 99% used [0x0000000080000000,0x0000000086956678,0x0000000086980000)
 Metaspace       used 73124K, committed 74688K, reserved 1179648K
  class space    used 7669K, committed 8320K, reserved 1048576K
}
Event: 110.726 GC heap after
{Heap after GC invocations=176 (full 3):
 PSYoungGen      total 11776K, used 901K [0x00000000d5580000, 0x00000000d6280000, 0x0000000100000000)
  eden space 10752K, 0% used [0x00000000d5580000,0x00000000d5580000,0x00000000d6000000)
  from space 1024K, 87% used [0x00000000d6080000,0x00000000d6161458,0x00000000d6180000)
  to   space 1024K, 0% used [0x00000000d6180000,0x00000000d6180000,0x00000000d6280000)
 ParOldGen       total 108032K, used 107969K [0x0000000080000000, 0x0000000086980000, 0x00000000d5580000)
  object space 108032K, 99% used [0x0000000080000000,0x0000000086970678,0x0000000086980000)
 Metaspace       used 73124K, committed 74688K, reserved 1179648K
  class space    used 7669K, committed 8320K, reserved 1048576K
}
Event: 111.119 GC heap before
{Heap before GC invocations=177 (full 3):
 PSYoungGen      total 11776K, used 11653K [0x00000000d5580000, 0x00000000d6280000, 0x0000000100000000)
  eden space 10752K, 99% used [0x00000000d5580000,0x00000000d5fffff8,0x00000000d6000000)
  from space 1024K, 87% used [0x00000000d6080000,0x00000000d6161458,0x00000000d6180000)
  to   space 1024K, 0% used [0x00000000d6180000,0x00000000d6180000,0x00000000d6280000)
 ParOldGen       total 108032K, used 107969K [0x0000000080000000, 0x0000000086980000, 0x00000000d5580000)
  object space 108032K, 99% used [0x0000000080000000,0x0000000086970678,0x0000000086980000)
 Metaspace       used 73552K, committed 75072K, reserved 1179648K
  class space    used 7701K, committed 8320K, reserved 1048576K
}
Event: 111.125 GC heap after
{Heap after GC invocations=177 (full 3):
 PSYoungGen      total 10752K, used 1018K [0x00000000d5580000, 0x00000000d6500000, 0x0000000100000000)
  eden space 9728K, 0% used [0x00000000d5580000,0x00000000d5580000,0x00000000d5f00000)
  from space 1024K, 99% used [0x00000000d6180000,0x00000000d627e990,0x00000000d6280000)
  to   space 2560K, 0% used [0x00000000d5f00000,0x00000000d5f00000,0x00000000d6180000)
 ParOldGen       total 109568K, used 109213K [0x0000000080000000, 0x0000000086b00000, 0x00000000d5580000)
  object space 109568K, 99% used [0x0000000080000000,0x0000000086aa7410,0x0000000086b00000)
 Metaspace       used 73552K, committed 75072K, reserved 1179648K
  class space    used 7701K, committed 8320K, reserved 1048576K
}

